<?xml version="1.0" encoding="UTF-8"?>
<!-- Generated by org.testng.reporters.JUnitXMLReporter -->
<testsuite hostname="DESKTOP-U40TQM7" name="Test" tests="1" failures="1" timestamp="16 Aug 2019 06:46:18 GMT" time="73.164" errors="0">
  <testcase name="@AfterMethod getScreenshot" time="0.0" classname="com.model.Facebook_Demo">
    <failure type="java.lang.IllegalArgumentException" message="Source &amp;apos;P:\selenium_testing\ParameterizationFacebook\FacebbookScreenshot&amp;apos; is not a directory">
      <![CDATA[java.lang.IllegalArgumentException: Source 'P:\selenium_testing\ParameterizationFacebook\FacebbookScreenshot' is not a directory
	at org.apache.commons.io.FileUtils.copyDirectoryToDirectory(FileUtils.java:1179)
	at com.model.Facebook_Demo.getScreenshot(Facebook_Demo.java:60)
... Removed 27 stack frames]]>
    </failure>
  </testcase> <!-- @AfterMethod getScreenshot -->
  <testcase name="@AfterClass deleteCookies" time="0.0" classname="com.model.Facebook_Demo">
    <skipped/>
  </testcase> <!-- @AfterClass deleteCookies -->
  <testcase name="@AfterTest afterTest" time="0.0" classname="com.model.Facebook_Demo">
    <skipped/>
  </testcase> <!-- @AfterTest afterTest -->
  <testcase name="loginwithvalidds" time="53.607" classname="com.model.Facebook_Demo">
    <failure type="org.openqa.selenium.NoSuchElementException" message="no such element: Unable to locate element: {&amp;quot;method&amp;quot;:&amp;quot;xpath&amp;quot;,&amp;quot;selector&amp;quot;:&amp;quot;//li[@class=&amp;apos;_54ni navSubmenu _6398 _64kz __MenuItem&amp;apos;]&amp;quot;}
  (Session info: chrome=76.0.3809.100)
For documentation on this error, please visit: https://www.seleniumhq.org/exceptions/no_such_element.html
Build info: version: &amp;apos;3.141.59&amp;apos;, revision: &amp;apos;e82be7d358&amp;apos;, time: &amp;apos;2018-11-14T08:25:53&amp;apos;
System info: host: &amp;apos;DESKTOP-U40TQM7&amp;apos;, ip: &amp;apos;192.168.43.73&amp;apos;, os.name: &amp;apos;Windows 10&amp;apos;, os.arch: &amp;apos;x86&amp;apos;, os.version: &amp;apos;10.0&amp;apos;, java.version: &amp;apos;1.8.0_151&amp;apos;
Driver info: org.openqa.selenium.chrome.ChromeDriver
Capabilities {acceptInsecureCerts: false, browserName: chrome, browserVersion: 76.0.3809.100, chrome: {chromedriverVersion: 75.0.3770.90 (a6dcaf7e3ec6f..., userDataDir: C:\Users\Asus\AppData\Local...}, goog:chromeOptions: {debuggerAddress: localhost:58194}, javascriptEnabled: true, networkConnectionEnabled: false, pageLoadStrategy: normal, platform: XP, platformName: XP, proxy: Proxy(), setWindowRect: true, strictFileInteractability: false, timeouts: {implicit: 0, pageLoad: 300000, script: 30000}, unhandledPromptBehavior: dismiss and notify}
Session ID: e04e21f8b67a23b83d368c9c11268c43
*** Element info: {Using=xpath, value=//li[@class=&amp;apos;_54ni navSubmenu _6398 _64kz __MenuItem&amp;apos;]}">
      <![CDATA[org.openqa.selenium.NoSuchElementException: no such element: Unable to locate element: {"method":"xpath","selector":"//li[@class='_54ni navSubmenu _6398 _64kz __MenuItem']"}
  (Session info: chrome=76.0.3809.100)
For documentation on this error, please visit: https://www.seleniumhq.org/exceptions/no_such_element.html
Build info: version: '3.141.59', revision: 'e82be7d358', time: '2018-11-14T08:25:53'
System info: host: 'DESKTOP-U40TQM7', ip: '192.168.43.73', os.name: 'Windows 10', os.arch: 'x86', os.version: '10.0', java.version: '1.8.0_151'
Driver info: org.openqa.selenium.chrome.ChromeDriver
Capabilities {acceptInsecureCerts: false, browserName: chrome, browserVersion: 76.0.3809.100, chrome: {chromedriverVersion: 75.0.3770.90 (a6dcaf7e3ec6f..., userDataDir: C:\Users\Asus\AppData\Local...}, goog:chromeOptions: {debuggerAddress: localhost:58194}, javascriptEnabled: true, networkConnectionEnabled: false, pageLoadStrategy: normal, platform: XP, platformName: XP, proxy: Proxy(), setWindowRect: true, strictFileInteractability: false, timeouts: {implicit: 0, pageLoad: 300000, script: 30000}, unhandledPromptBehavior: dismiss and notify}
Session ID: e04e21f8b67a23b83d368c9c11268c43
*** Element info: {Using=xpath, value=//li[@class='_54ni navSubmenu _6398 _64kz __MenuItem']}
	at org.openqa.selenium.remote.http.W3CHttpResponseCodec.createException(W3CHttpResponseCodec.java:187)
	at org.openqa.selenium.remote.http.W3CHttpResponseCodec.decode(W3CHttpResponseCodec.java:122)
	at org.openqa.selenium.remote.http.W3CHttpResponseCodec.decode(W3CHttpResponseCodec.java:49)
	at org.openqa.selenium.remote.HttpCommandExecutor.execute(HttpCommandExecutor.java:158)
	at org.openqa.selenium.remote.service.DriverCommandExecutor.execute(DriverCommandExecutor.java:83)
	at org.openqa.selenium.remote.RemoteWebDriver.execute(RemoteWebDriver.java:552)
	at org.openqa.selenium.remote.RemoteWebDriver.findElement(RemoteWebDriver.java:323)
	at org.openqa.selenium.remote.RemoteWebDriver.findElementByXPath(RemoteWebDriver.java:428)
	at org.openqa.selenium.By$ByXPath.findElement(By.java:353)
	at org.openqa.selenium.remote.RemoteWebDriver.findElement(RemoteWebDriver.java:315)
	at com.model.Facebook_Demo.loginwithvalidds(Facebook_Demo.java:39)
... Removed 29 stack frames]]>
    </failure>
  </testcase> <!-- loginwithvalidds -->
</testsuite> <!-- Test -->
